Determining if the pthread_create exist failed with the following output:
Change Dir: /home/saguaro/catkin_ws/build/CMakeFiles/CMakeTmp

Run Build Command:"/usr/bin/make" "cmTC_20347/fast"
/usr/bin/make -f CMakeFiles/cmTC_20347.dir/build.make CMakeFiles/cmTC_20347.dir/build
make[1]: Entering directory '/home/saguaro/catkin_ws/build/CMakeFiles/CMakeTmp'
Building C object CMakeFiles/cmTC_20347.dir/CheckSymbolExists.c.o
/usr/bin/cc    -o CMakeFiles/cmTC_20347.dir/CheckSymbolExists.c.o   -c /home/saguaro/catkin_ws/build/CMakeFiles/CMakeTmp/CheckSymbolExists.c
Linking C executable cmTC_20347
/usr/bin/cmake -E cmake_link_script CMakeFiles/cmTC_20347.dir/link.txt --verbose=1
/usr/bin/cc      -rdynamic CMakeFiles/cmTC_20347.dir/CheckSymbolExists.c.o  -o cmTC_20347 
CMakeFiles/cmTC_20347.dir/CheckSymbolExists.c.o: In function `main':
CheckSymbolExists.c:(.text+0x14): undefined reference to `pthread_create'
CheckSymbolExists.c:(.text+0x18): undefined reference to `pthread_create'
collect2: error: ld returned 1 exit status
CMakeFiles/cmTC_20347.dir/build.make:97: recipe for target 'cmTC_20347' failed
make[1]: *** [cmTC_20347] Error 1
make[1]: Leaving directory '/home/saguaro/catkin_ws/build/CMakeFiles/CMakeTmp'
Makefile:126: recipe for target 'cmTC_20347/fast' failed
make: *** [cmTC_20347/fast] Error 2

File /home/saguaro/catkin_ws/build/CMakeFiles/CMakeTmp/CheckSymbolExists.c:
/* */
#include <pthread.h>

int main(int argc, char** argv)
{
  (void)argv;
#ifndef pthread_create
  return ((int*)(&pthread_create))[argc];
#else
  (void)argc;
  return 0;
#endif
}

Determining if the function pthread_create exists in the pthreads failed with the following output:
Change Dir: /home/saguaro/catkin_ws/build/CMakeFiles/CMakeTmp

Run Build Command:"/usr/bin/make" "cmTC_34878/fast"
/usr/bin/make -f CMakeFiles/cmTC_34878.dir/build.make CMakeFiles/cmTC_34878.dir/build
make[1]: Entering directory '/home/saguaro/catkin_ws/build/CMakeFiles/CMakeTmp'
Building C object CMakeFiles/cmTC_34878.dir/CheckFunctionExists.c.o
/usr/bin/cc   -DCHECK_FUNCTION_EXISTS=pthread_create   -o CMakeFiles/cmTC_34878.dir/CheckFunctionExists.c.o   -c /usr/share/cmake-3.10/Modules/CheckFunctionExists.c
Linking C executable cmTC_34878
/usr/bin/cmake -E cmake_link_script CMakeFiles/cmTC_34878.dir/link.txt --verbose=1
/usr/bin/cc  -DCHECK_FUNCTION_EXISTS=pthread_create    -rdynamic CMakeFiles/cmTC_34878.dir/CheckFunctionExists.c.o  -o cmTC_34878 -lpthreads 
/usr/bin/ld: cannot find -lpthreads
collect2: error: ld returned 1 exit status
CMakeFiles/cmTC_34878.dir/build.make:97: recipe for target 'cmTC_34878' failed
make[1]: *** [cmTC_34878] Error 1
make[1]: Leaving directory '/home/saguaro/catkin_ws/build/CMakeFiles/CMakeTmp'
Makefile:126: recipe for target 'cmTC_34878/fast' failed
make: *** [cmTC_34878/fast] Error 2


